{"total": {"lines":{"total":367,"covered":37,"skipped":0,"pct":10.08},"statements":{"total":378,"covered":38,"skipped":0,"pct":10.05},"functions":{"total":67,"covered":6,"skipped":0,"pct":8.95},"branches":{"total":169,"covered":7,"skipped":0,"pct":4.14},"branchesTrue":{"total":0,"covered":0,"skipped":0,"pct":100}}
,"/workspace/simplified-image-processor-working.ts": {"lines":{"total":330,"covered":0,"skipped":0,"pct":0},"functions":{"total":61,"covered":0,"skipped":0,"pct":0},"statements":{"total":340,"covered":0,"skipped":0,"pct":0},"branches":{"total":162,"covered":0,"skipped":0,"pct":0}}
,"/workspace/common/constants.ts": {"lines":{"total":14,"covered":14,"skipped":0,"pct":100},"functions":{"total":0,"covered":0,"skipped":0,"pct":100},"statements":{"total":14,"covered":14,"skipped":0,"pct":100},"branches":{"total":0,"covered":0,"skipped":0,"pct":100}}
,"/workspace/common/utils.ts": {"lines":{"total":23,"covered":23,"skipped":0,"pct":100},"functions":{"total":6,"covered":6,"skipped":0,"pct":100},"statements":{"total":24,"covered":24,"skipped":0,"pct":100},"branches":{"total":7,"covered":7,"skipped":0,"pct":100}}
}
