TN:
SF:simplified-image-processor-working.ts
FN:113,(anonymous_0)
FN:155,(anonymous_1)
FN:165,(anonymous_2)
FN:171,(anonymous_3)
FN:177,(anonymous_4)
FN:181,(anonymous_5)
FN:187,(anonymous_6)
FN:197,(anonymous_7)
FN:208,(anonymous_8)
FN:232,(anonymous_9)
FN:238,(anonymous_10)
FN:262,(anonymous_11)
FN:266,(anonymous_12)
FN:283,(anonymous_13)
FN:300,(anonymous_14)
FN:310,(anonymous_15)
FN:326,(anonymous_16)
FN:336,(anonymous_17)
FN:347,(anonymous_18)
FN:359,(anonymous_19)
FN:365,(anonymous_20)
FN:373,(anonymous_21)
FN:376,(anonymous_22)
FN:395,(anonymous_23)
FN:401,(anonymous_24)
FN:408,(anonymous_25)
FN:420,(anonymous_26)
FN:452,(anonymous_27)
FN:471,(anonymous_28)
FN:498,(anonymous_29)
FN:500,(anonymous_30)
FN:506,(anonymous_31)
FN:508,(anonymous_32)
FN:516,(anonymous_33)
FN:524,(anonymous_34)
FN:530,(anonymous_35)
FN:535,(anonymous_36)
FN:560,(anonymous_37)
FN:598,(anonymous_38)
FN:614,(anonymous_39)
FN:633,(anonymous_40)
FN:643,(anonymous_41)
FN:674,(anonymous_42)
FN:685,(anonymous_43)
FN:718,(anonymous_44)
FN:757,(anonymous_45)
FN:795,(anonymous_46)
FN:826,(anonymous_47)
FN:841,(anonymous_48)
FN:857,(anonymous_49)
FN:859,(anonymous_50)
FN:888,(anonymous_51)
FN:914,(anonymous_52)
FN:953,(anonymous_53)
FN:961,(anonymous_54)
FN:1013,(anonymous_55)
FN:1027,(anonymous_56)
FN:1062,(anonymous_57)
FN:1089,(anonymous_58)
FN:1093,(anonymous_59)
FN:1111,(anonymous_60)
FNF:61
FNH:0
FNDA:0,(anonymous_0)
FNDA:0,(anonymous_1)
FNDA:0,(anonymous_2)
FNDA:0,(anonymous_3)
FNDA:0,(anonymous_4)
FNDA:0,(anonymous_5)
FNDA:0,(anonymous_6)
FNDA:0,(anonymous_7)
FNDA:0,(anonymous_8)
FNDA:0,(anonymous_9)
FNDA:0,(anonymous_10)
FNDA:0,(anonymous_11)
FNDA:0,(anonymous_12)
FNDA:0,(anonymous_13)
FNDA:0,(anonymous_14)
FNDA:0,(anonymous_15)
FNDA:0,(anonymous_16)
FNDA:0,(anonymous_17)
FNDA:0,(anonymous_18)
FNDA:0,(anonymous_19)
FNDA:0,(anonymous_20)
FNDA:0,(anonymous_21)
FNDA:0,(anonymous_22)
FNDA:0,(anonymous_23)
FNDA:0,(anonymous_24)
FNDA:0,(anonymous_25)
FNDA:0,(anonymous_26)
FNDA:0,(anonymous_27)
FNDA:0,(anonymous_28)
FNDA:0,(anonymous_29)
FNDA:0,(anonymous_30)
FNDA:0,(anonymous_31)
FNDA:0,(anonymous_32)
FNDA:0,(anonymous_33)
FNDA:0,(anonymous_34)
FNDA:0,(anonymous_35)
FNDA:0,(anonymous_36)
FNDA:0,(anonymous_37)
FNDA:0,(anonymous_38)
FNDA:0,(anonymous_39)
FNDA:0,(anonymous_40)
FNDA:0,(anonymous_41)
FNDA:0,(anonymous_42)
FNDA:0,(anonymous_43)
FNDA:0,(anonymous_44)
FNDA:0,(anonymous_45)
FNDA:0,(anonymous_46)
FNDA:0,(anonymous_47)
FNDA:0,(anonymous_48)
FNDA:0,(anonymous_49)
FNDA:0,(anonymous_50)
FNDA:0,(anonymous_51)
FNDA:0,(anonymous_52)
FNDA:0,(anonymous_53)
FNDA:0,(anonymous_54)
FNDA:0,(anonymous_55)
FNDA:0,(anonymous_56)
FNDA:0,(anonymous_57)
FNDA:0,(anonymous_58)
FNDA:0,(anonymous_59)
FNDA:0,(anonymous_60)
DA:114,0
DA:115,0
DA:116,0
DA:118,0
DA:119,0
DA:120,0
DA:122,0
DA:123,0
DA:125,0
DA:126,0
DA:129,0
DA:133,0
DA:134,0
DA:140,0
DA:145,0
DA:146,0
DA:148,0
DA:149,0
DA:156,0
DA:157,0
DA:158,0
DA:159,0
DA:161,0
DA:166,0
DA:172,0
DA:178,0
DA:182,0
DA:188,0
DA:189,0
DA:190,0
DA:198,0
DA:199,0
DA:209,0
DA:210,0
DA:220,0
DA:221,0
DA:228,0
DA:233,0
DA:234,0
DA:239,0
DA:240,0
DA:242,0
DA:243,0
DA:246,0
DA:249,0
DA:252,0
DA:254,0
DA:258,0
DA:263,0
DA:267,0
DA:268,0
DA:277,0
DA:280,0
DA:284,0
DA:286,0
DA:287,0
DA:288,0
DA:291,0
DA:292,0
DA:293,0
DA:295,0
DA:296,0
DA:301,0
DA:311,0
DA:312,0
DA:314,0
DA:315,0
DA:316,0
DA:317,0
DA:318,0
DA:319,0
DA:322,0
DA:327,0
DA:328,0
DA:330,0
DA:331,0
DA:337,0
DA:348,0
DA:350,0
DA:351,0
DA:353,0
DA:354,0
DA:356,0
DA:360,0
DA:361,0
DA:362,0
DA:366,0
DA:367,0
DA:368,0
DA:369,0
DA:374,0
DA:376,0
DA:377,0
DA:381,0
DA:382,0
DA:385,0
DA:386,0
DA:396,0
DA:402,0
DA:409,0
DA:421,0
DA:422,0
DA:423,0
DA:426,0
DA:427,0
DA:430,0
DA:434,0
DA:435,0
DA:438,0
DA:441,0
DA:442,0
DA:449,0
DA:454,0
DA:455,0
DA:457,0
DA:458,0
DA:459,0
DA:460,0
DA:464,0
DA:465,0
DA:472,0
DA:473,0
DA:475,0
DA:476,0
DA:479,0
DA:480,0
DA:490,0
DA:494,0
DA:499,0
DA:500,0
DA:501,0
DA:503,0
DA:507,0
DA:508,0
DA:509,0
DA:512,0
DA:517,0
DA:519,0
DA:520,0
DA:523,0
DA:524,0
DA:525,0
DA:531,0
DA:536,0
DA:539,0
DA:540,0
DA:541,0
DA:544,0
DA:547,0
DA:548,0
DA:552,0
DA:553,0
DA:557,0
DA:561,0
DA:562,0
DA:564,0
DA:565,0
DA:566,0
DA:571,0
DA:574,0
DA:575,0
DA:577,0
DA:580,0
DA:581,0
DA:584,0
DA:590,0
DA:594,0
DA:599,0
DA:600,0
DA:605,0
DA:606,0
DA:611,0
DA:615,0
DA:616,0
DA:618,0
DA:623,0
DA:624,0
DA:627,0
DA:630,0
DA:634,0
DA:635,0
DA:636,0
DA:644,0
DA:645,0
DA:646,0
DA:648,0
DA:649,0
DA:654,0
DA:656,0
DA:657,0
DA:658,0
DA:659,0
DA:661,0
DA:662,0
DA:665,0
DA:667,0
DA:668,0
DA:675,0
DA:676,0
DA:677,0
DA:686,0
DA:688,0
DA:689,0
DA:692,0
DA:695,0
DA:696,0
DA:698,0
DA:709,0
DA:711,0
DA:714,0
DA:719,0
DA:721,0
DA:722,0
DA:725,0
DA:726,0
DA:727,0
DA:728,0
DA:730,0
DA:743,0
DA:744,0
DA:745,0
DA:750,0
DA:758,0
DA:759,0
DA:760,0
DA:763,0
DA:764,0
DA:769,0
DA:770,0
DA:774,0
DA:775,0
DA:779,0
DA:780,0
DA:785,0
DA:787,0
DA:791,0
DA:796,0
DA:799,0
DA:800,0
DA:803,0
DA:805,0
DA:808,0
DA:816,0
DA:818,0
DA:822,0
DA:827,0
DA:828,0
DA:830,0
DA:831,0
DA:832,0
DA:833,0
DA:834,0
DA:835,0
DA:838,0
DA:842,0
DA:844,0
DA:846,0
DA:847,0
DA:850,0
DA:857,0
DA:858,0
DA:859,0
DA:864,0
DA:865,0
DA:875,0
DA:877,0
DA:881,0
DA:889,0
DA:915,0
DA:916,0
DA:922,0
DA:924,0
DA:925,0
DA:929,0
DA:936,0
DA:937,0
DA:940,0
DA:941,0
DA:944,0
DA:948,0
DA:950,0
DA:954,0
DA:958,0
DA:962,0
DA:964,0
DA:966,0
DA:967,0
DA:970,0
DA:973,0
DA:974,0
DA:979,0
DA:989,0
DA:996,0
DA:1001,0
DA:1010,0
DA:1014,0
DA:1015,0
DA:1016,0
DA:1018,0
DA:1020,0
DA:1023,0
DA:1028,0
DA:1033,0
DA:1035,0
DA:1036,0
DA:1038,0
DA:1043,0
DA:1045,0
DA:1050,0
DA:1052,0
DA:1057,0
DA:1059,0
DA:1064,0
DA:1073,0
DA:1080,0
DA:1082,0
DA:1088,0
DA:1089,0
DA:1094,0
DA:1095,0
DA:1098,0
DA:1101,0
DA:1102,0
DA:1105,0
DA:1108,0
DA:1112,0
DA:1113,0
DA:1114,0
DA:1115,0
DA:1122,0
LF:330
LH:0
BRDA:125,0,0,0
BRDA:157,1,0,0
BRDA:157,1,1,0
BRDA:158,2,0,0
BRDA:167,3,0,0
BRDA:167,3,1,0
BRDA:167,4,0,0
BRDA:167,4,1,0
BRDA:189,5,0,0
BRDA:189,6,0,0
BRDA:189,6,1,0
BRDA:212,7,0,0
BRDA:212,7,1,0
BRDA:220,8,0,0
BRDA:223,9,0,0
BRDA:223,9,1,0
BRDA:224,10,0,0
BRDA:224,10,1,0
BRDA:242,11,0,0
BRDA:244,12,0,0
BRDA:244,12,1,0
BRDA:252,13,0,0
BRDA:252,13,1,0
BRDA:258,14,0,0
BRDA:258,14,1,0
BRDA:263,15,0,0
BRDA:263,15,1,0
BRDA:267,16,0,0
BRDA:267,16,1,0
BRDA:267,16,2,0
BRDA:274,17,0,0
BRDA:274,17,1,0
BRDA:274,18,0,0
BRDA:274,18,1,0
BRDA:287,19,0,0
BRDA:306,20,0,0
BRDA:306,20,1,0
BRDA:315,21,0,0
BRDA:315,21,1,0
BRDA:315,22,0,0
BRDA:315,22,1,0
BRDA:318,23,0,0
BRDA:318,24,0,0
BRDA:318,24,1,0
BRDA:327,25,0,0
BRDA:327,26,0,0
BRDA:327,26,1,0
BRDA:328,27,0,0
BRDA:328,27,1,0
BRDA:330,28,0,0
BRDA:330,28,1,0
BRDA:330,28,2,0
BRDA:342,29,0,0
BRDA:342,29,1,0
BRDA:366,30,0,0
BRDA:366,30,1,0
BRDA:368,31,0,0
BRDA:373,32,0,0
BRDA:374,33,0,0
BRDA:377,34,0,0
BRDA:377,34,1,0
BRDA:381,35,0,0
BRDA:385,36,0,0
BRDA:397,37,0,0
BRDA:397,37,1,0
BRDA:403,38,0,0
BRDA:403,38,1,0
BRDA:411,39,0,0
BRDA:411,39,1,0
BRDA:413,40,0,0
BRDA:413,40,1,0
BRDA:426,41,0,0
BRDA:434,42,0,0
BRDA:459,43,0,0
BRDA:464,44,0,0
BRDA:475,45,0,0
BRDA:479,46,0,0
BRDA:479,47,0,0
BRDA:479,47,1,0
BRDA:483,48,0,0
BRDA:483,48,1,0
BRDA:485,49,0,0
BRDA:485,49,1,0
BRDA:485,50,0,0
BRDA:485,50,1,0
BRDA:507,51,0,0
BRDA:507,51,1,0
BRDA:517,52,0,0
BRDA:517,53,0,0
BRDA:517,53,1,0
BRDA:523,54,0,0
BRDA:540,55,0,0
BRDA:552,56,0,0
BRDA:565,57,0,0
BRDA:565,58,0,0
BRDA:565,58,1,0
BRDA:575,59,0,0
BRDA:577,60,0,0
BRDA:599,61,0,0
BRDA:599,61,1,0
BRDA:605,62,0,0
BRDA:616,63,0,0
BRDA:623,64,0,0
BRDA:654,65,0,0
BRDA:688,66,0,0
BRDA:721,67,0,0
BRDA:759,68,0,0
BRDA:759,69,0,0
BRDA:759,69,1,0
BRDA:769,70,0,0
BRDA:774,71,0,0
BRDA:803,72,0,0
BRDA:834,73,0,0
BRDA:846,74,0,0
BRDA:915,75,0,0
BRDA:924,76,0,0
BRDA:927,77,0,0
BRDA:927,77,1,0
BRDA:931,78,0,0
BRDA:931,78,1,0
BRDA:937,79,0,0
BRDA:941,80,0,0
BRDA:948,81,0,0
BRDA:954,82,0,0
BRDA:962,83,0,0
BRDA:970,84,0,0
BRDA:973,85,0,0
BRDA:989,86,0,0
BRDA:1015,87,0,0
BRDA:1015,87,1,0
BRDA:1016,88,0,0
BRDA:1016,88,1,0
BRDA:1016,88,2,0
BRDA:1016,88,3,0
BRDA:1028,89,0,0
BRDA:1029,90,0,0
BRDA:1029,90,1,0
BRDA:1029,90,2,0
BRDA:1035,91,0,0
BRDA:1035,92,0,0
BRDA:1035,92,1,0
BRDA:1038,93,0,0
BRDA:1039,94,0,0
BRDA:1039,94,1,0
BRDA:1039,94,2,0
BRDA:1045,95,0,0
BRDA:1046,96,0,0
BRDA:1046,96,1,0
BRDA:1046,96,2,0
BRDA:1052,97,0,0
BRDA:1053,98,0,0
BRDA:1053,98,1,0
BRDA:1053,98,2,0
BRDA:1089,99,0,0
BRDA:1089,99,1,0
BRDA:1094,100,0,0
BRDA:1094,101,0,0
BRDA:1094,101,1,0
BRDA:1101,102,0,0
BRDA:1112,103,0,0
BRDA:1112,104,0,0
BRDA:1112,104,1,0
BRF:162
BRH:0
end_of_record
TN:
SF:common/constants.ts
FNF:0
FNH:0
DA:2,2
DA:12,2
DA:23,2
DA:38,2
DA:40,2
DA:51,2
DA:58,2
DA:63,2
DA:70,2
DA:218,2
DA:224,2
DA:231,2
DA:239,2
DA:250,2
LF:14
LH:14
BRF:0
BRH:0
end_of_record
TN:
SF:common/utils.ts
FN:13,formatFileSize
FN:31,exceedsMaxSize
FN:43,isImageMimeType
FN:54,generateFilename
FN:67,createTempFilePath
FN:78,sanitizeFolderName
FNF:6
FNH:6
FNDA:17,formatFileSize
FNDA:13,exceedsMaxSize
FNDA:21,isImageMimeType
FNDA:14,generateFilename
FNDA:8,createTempFilePath
FNDA:15,sanitizeFolderName
DA:4,1
DA:13,1
DA:14,17
DA:16,15
DA:17,15
DA:18,15
DA:22,15
DA:31,1
DA:32,13
DA:33,13
DA:43,1
DA:44,21
DA:54,1
DA:55,14
DA:56,14
DA:57,14
DA:58,14
DA:67,1
DA:68,8
DA:69,8
DA:70,8
DA:78,1
DA:79,15
LF:23
LH:23
BRDA:14,0,0,2
BRDA:31,1,0,4
BRDA:56,2,0,10
BRDA:56,2,1,4
BRDA:67,3,0,6
BRDA:80,4,0,15
BRDA:80,4,1,3
BRF:7
BRH:7
end_of_record
